\BOOKMARK [1][-]{Section.0.Introduction.1}{\376\377\000I\000n\000t\000r\000o\000d\000u\000c\000t\000i\000o\000n}{}% 1
\BOOKMARK [2][-]{Subsection.1.0.Forecast types and forecast formats.2}{\376\377\000F\000o\000r\000e\000c\000a\000s\000t\000\040\000t\000y\000p\000e\000s\000\040\000a\000n\000d\000\040\000f\000o\000r\000e\000c\000a\000s\000t\000\040\000f\000o\000r\000m\000a\000t\000s}{Section.0.Introduction.1}% 2
\BOOKMARK [2][-]{Subsection.1.1.The Forecasting paradigm.2}{\376\377\000T\000h\000e\000\040\000F\000o\000r\000e\000c\000a\000s\000t\000i\000n\000g\000\040\000p\000a\000r\000a\000d\000i\000g\000m}{Section.0.Introduction.1}% 3
\BOOKMARK [1][-]{Section.1.Scoring metrics implemented in scoringutils.1}{\376\377\000S\000c\000o\000r\000i\000n\000g\000\040\000m\000e\000t\000r\000i\000c\000s\000\040\000i\000m\000p\000l\000e\000m\000e\000n\000t\000e\000d\000\040\000i\000n\000\040\000s\000c\000o\000r\000i\000n\000g\000u\000t\000i\000l\000s}{}% 4
\BOOKMARK [2][-]{Subsection.2.0.Assessing calibration.2}{\376\377\000A\000s\000s\000e\000s\000s\000i\000n\000g\000\040\000c\000a\000l\000i\000b\000r\000a\000t\000i\000o\000n}{Section.1.Scoring metrics implemented in scoringutils.1}% 5
\BOOKMARK [3][-]{Subsubsection.2.1.0.Probabilistic calibration.3}{\376\377\000P\000r\000o\000b\000a\000b\000i\000l\000i\000s\000t\000i\000c\000\040\000c\000a\000l\000i\000b\000r\000a\000t\000i\000o\000n}{Subsection.2.0.Assessing calibration.2}% 6
\BOOKMARK [3][-]{Subsubsection.2.1.1.Bias.3}{\376\377\000B\000i\000a\000s}{Subsection.2.0.Assessing calibration.2}% 7
\BOOKMARK [2][-]{Subsection.2.1.Assessing sharpness.2}{\376\377\000A\000s\000s\000e\000s\000s\000i\000n\000g\000\040\000s\000h\000a\000r\000p\000n\000e\000s\000s}{Section.1.Scoring metrics implemented in scoringutils.1}% 8
\BOOKMARK [2][-]{Subsection.2.2.Proper scoring rules.2}{\376\377\000P\000r\000o\000p\000e\000r\000\040\000s\000c\000o\000r\000i\000n\000g\000\040\000r\000u\000l\000e\000s}{Section.1.Scoring metrics implemented in scoringutils.1}% 9
\BOOKMARK [3][-]{Subsubsection.2.3.0.Proper scoring rules for sample-based forecasts (CRPS, log score and DSS).3}{\376\377\000P\000r\000o\000p\000e\000r\000\040\000s\000c\000o\000r\000i\000n\000g\000\040\000r\000u\000l\000e\000s\000\040\000f\000o\000r\000\040\000s\000a\000m\000p\000l\000e\000-\000b\000a\000s\000e\000d\000\040\000f\000o\000r\000e\000c\000a\000s\000t\000s\000\040\000\050\000C\000R\000P\000S\000,\000\040\000l\000o\000g\000\040\000s\000c\000o\000r\000e\000\040\000a\000n\000d\000\040\000D\000S\000S\000\051}{Subsection.2.2.Proper scoring rules.2}% 10
\BOOKMARK [3][-]{Subsubsection.2.3.1.Proper scoring rule for quantile-based forecasts (WIS).3}{\376\377\000P\000r\000o\000p\000e\000r\000\040\000s\000c\000o\000r\000i\000n\000g\000\040\000r\000u\000l\000e\000\040\000f\000o\000r\000\040\000q\000u\000a\000n\000t\000i\000l\000e\000-\000b\000a\000s\000e\000d\000\040\000f\000o\000r\000e\000c\000a\000s\000t\000s\000\040\000\050\000W\000I\000S\000\051}{Subsection.2.2.Proper scoring rules.2}% 11
\BOOKMARK [3][-]{Subsubsection.2.3.2.Proper scoring rules for binary outcomes (BS and log score).3}{\376\377\000P\000r\000o\000p\000e\000r\000\040\000s\000c\000o\000r\000i\000n\000g\000\040\000r\000u\000l\000e\000s\000\040\000f\000o\000r\000\040\000b\000i\000n\000a\000r\000y\000\040\000o\000u\000t\000c\000o\000m\000e\000s\000\040\000\050\000B\000S\000\040\000a\000n\000d\000\040\000l\000o\000g\000\040\000s\000c\000o\000r\000e\000\051}{Subsection.2.2.Proper scoring rules.2}% 12
\BOOKMARK [2][-]{Subsection.2.3.Pairwise comparisons.2}{\376\377\000P\000a\000i\000r\000w\000i\000s\000e\000\040\000c\000o\000m\000p\000a\000r\000i\000s\000o\000n\000s}{Section.1.Scoring metrics implemented in scoringutils.1}% 13
\BOOKMARK [1][-]{Section.2.Evaluating forecasts using scoringutils.1}{\376\377\000E\000v\000a\000l\000u\000a\000t\000i\000n\000g\000\040\000f\000o\000r\000e\000c\000a\000s\000t\000s\000\040\000u\000s\000i\000n\000g\000\040\000s\000c\000o\000r\000i\000n\000g\000u\000t\000i\000l\000s}{}% 14
\BOOKMARK [2][-]{Subsection.3.0.Example data.2}{\376\377\000E\000x\000a\000m\000p\000l\000e\000\040\000d\000a\000t\000a}{Section.2.Evaluating forecasts using scoringutils.1}% 15
\BOOKMARK [2][-]{Subsection.3.1.Expected input formats and data checking.2}{\376\377\000E\000x\000p\000e\000c\000t\000e\000d\000\040\000i\000n\000p\000u\000t\000\040\000f\000o\000r\000m\000a\000t\000s\000\040\000a\000n\000d\000\040\000d\000a\000t\000a\000\040\000c\000h\000e\000c\000k\000i\000n\000g}{Section.2.Evaluating forecasts using scoringutils.1}% 16
\BOOKMARK [2][-]{Subsection.3.2.Visualising forecast data.2}{\376\377\000V\000i\000s\000u\000a\000l\000i\000s\000i\000n\000g\000\040\000f\000o\000r\000e\000c\000a\000s\000t\000\040\000d\000a\000t\000a}{Section.2.Evaluating forecasts using scoringutils.1}% 17
\BOOKMARK [2][-]{Subsection.3.3.Scoring forecasts with score().2}{\376\377\000S\000c\000o\000r\000i\000n\000g\000\040\000f\000o\000r\000e\000c\000a\000s\000t\000s\000\040\000w\000i\000t\000h\000\040\000s\000c\000o\000r\000e\000\050\000\051}{Section.2.Evaluating forecasts using scoringutils.1}% 18
\BOOKMARK [2][-]{Subsection.3.4.Pairwise comparisons.2}{\376\377\000P\000a\000i\000r\000w\000i\000s\000e\000\040\000c\000o\000m\000p\000a\000r\000i\000s\000o\000n\000s}{Section.2.Evaluating forecasts using scoringutils.1}% 19
\BOOKMARK [2][-]{Subsection.3.5.Model diagnostics.2}{\376\377\000M\000o\000d\000e\000l\000\040\000d\000i\000a\000g\000n\000o\000s\000t\000i\000c\000s}{Section.2.Evaluating forecasts using scoringutils.1}% 20
\BOOKMARK [2][-]{Subsection.3.6.Summary and discussion.2}{\376\377\000S\000u\000m\000m\000a\000r\000y\000\040\000a\000n\000d\000\040\000d\000i\000s\000c\000u\000s\000s\000i\000o\000n}{Section.2.Evaluating forecasts using scoringutils.1}% 21
\BOOKMARK [2][-]{Subsection.3.7.Acknowledgments.2}{\376\377\000A\000c\000k\000n\000o\000w\000l\000e\000d\000g\000m\000e\000n\000t\000s}{Section.2.Evaluating forecasts using scoringutils.1}% 22
\BOOKMARK [1][-]{subsection.3.8}{\376\377\000\050\000A\000P\000P\000E\000N\000D\000I\000X\000\051\000\040\000D\000e\000t\000a\000i\000l\000e\000d\000\040\000I\000n\000f\000o\000r\000m\000a\000t\000i\000o\000n\000\040\000o\000n\000\040\000M\000e\000t\000r\000i\000c\000s}{}% 23
